0 info it worked if it ends with ok
1 verbose cli [ '/usr/local/bin/node', '/usr/local/bin/npm', 'run', 'step5' ]
2 info using npm@3.10.9
3 info using node@v6.9.2
4 verbose run-script [ 'prestep5', 'step5', 'poststep5' ]
5 info lifecycle npm@1.0.0~prestep5: npm@1.0.0
6 silly lifecycle npm@1.0.0~prestep5: no script for prestep5, continuing
7 info lifecycle npm@1.0.0~step5: npm@1.0.0
8 verbose lifecycle npm@1.0.0~step5: unsafe-perm in lifecycle true
9 verbose lifecycle npm@1.0.0~step5: PATH: /usr/local/lib/node_modules/npm/bin/node-gyp-bin:/Users/pc/Documents/Projects/Others/NPM-VS-YARN/npm/node_modules/.bin:/usr/local/bin:/usr/bin:/bin:/usr/sbin:/sbin
10 verbose lifecycle npm@1.0.0~step5: CWD: /Users/pc/Documents/Projects/Others/NPM-VS-YARN/npm
11 silly lifecycle npm@1.0.0~step5: Args: [ '-c',
11 silly lifecycle   'clear && printf \'\\e[0;32mInstall dependencies without network \\e[0m\n\' && networksetup -setairportpower en1 off && rm -rf offline && mkdir offline && cd offline && npm install socket.io-client@1.3.5 --save' ]
12 silly lifecycle npm@1.0.0~step5: Returned: code: 1  signal: null
13 info lifecycle npm@1.0.0~step5: Failed to exec step5 script
14 verbose stack Error: npm@1.0.0 step5: `clear && printf '\e[0;32mInstall dependencies without network \e[0m
14 verbose stack ' && networksetup -setairportpower en1 off && rm -rf offline && mkdir offline && cd offline && npm install socket.io-client@1.3.5 --save`
14 verbose stack Exit status 1
14 verbose stack     at EventEmitter.<anonymous> (/usr/local/lib/node_modules/npm/lib/utils/lifecycle.js:255:16)
14 verbose stack     at emitTwo (events.js:106:13)
14 verbose stack     at EventEmitter.emit (events.js:191:7)
14 verbose stack     at ChildProcess.<anonymous> (/usr/local/lib/node_modules/npm/lib/utils/spawn.js:40:14)
14 verbose stack     at emitTwo (events.js:106:13)
14 verbose stack     at ChildProcess.emit (events.js:191:7)
14 verbose stack     at maybeClose (internal/child_process.js:877:16)
14 verbose stack     at Process.ChildProcess._handle.onexit (internal/child_process.js:226:5)
15 verbose pkgid npm@1.0.0
16 verbose cwd /Users/pc/Documents/Projects/Others/NPM-VS-YARN/npm
17 error Darwin 16.5.0
18 error argv "/usr/local/bin/node" "/usr/local/bin/npm" "run" "step5"
19 error node v6.9.2
20 error npm  v3.10.9
21 error code ELIFECYCLE
22 error npm@1.0.0 step5: `clear && printf '\e[0;32mInstall dependencies without network \e[0m
22 error ' && networksetup -setairportpower en1 off && rm -rf offline && mkdir offline && cd offline && npm install socket.io-client@1.3.5 --save`
22 error Exit status 1
23 error Failed at the npm@1.0.0 step5 script 'clear && printf '\e[0;32mInstall dependencies without network \e[0m
23 error ' && networksetup -setairportpower en1 off && rm -rf offline && mkdir offline && cd offline && npm install socket.io-client@1.3.5 --save'.
23 error Make sure you have the latest version of node.js and npm installed.
23 error If you do, this is most likely a problem with the npm package,
23 error not with npm itself.
23 error Tell the author that this fails on your system:
23 error     clear && printf '\e[0;32mInstall dependencies without network \e[0m
23 error ' && networksetup -setairportpower en1 off && rm -rf offline && mkdir offline && cd offline && npm install socket.io-client@1.3.5 --save
23 error You can get information on how to open an issue for this project with:
23 error     npm bugs npm
23 error Or if that isn't available, you can get their info via:
23 error     npm owner ls npm
23 error There is likely additional logging output above.
24 verbose exit [ 1, true ]
